\BOOKMARK [1][-]{section.1}{Introduction}{}
\BOOKMARK [2][-]{subsection.1.1}{Compilation de SCADE/Lustre vers VHDL}{section.1}
\BOOKMARK [2][-]{subsection.1.2}{G\351n\351ration de VHDL \340 partir d'\351quations data-flow gard\351es}{section.1}
\BOOKMARK [3][-]{subsubsection.1.2.1}{Un mot sur la traduction de C vers VHDL}{subsection.1.2}
\BOOKMARK [1][-]{section.2}{Heptagon}{}
\BOOKMARK [2][-]{subsection.2.1}{Quelques exemples}{section.2}
\BOOKMARK [2][-]{subsection.2.2}{Architecture du compilateur}{section.2}
\BOOKMARK [1][-]{section.3}{De Heptagon \340 VHDL}{}
\BOOKMARK [2][-]{subsection.3.1}{Langages internes}{section.3}
\BOOKMARK [3][-]{subsubsection.3.1.1}{MiniLS}{subsection.3.1}
\BOOKMARK [3][-]{subsubsection.3.1.2}{MiniVHDL}{subsection.3.1}
\BOOKMARK [2][-]{subsection.3.2}{Simplification de MiniLS normalis\351}{section.3}
\BOOKMARK [3][-]{subsubsection.3.2.1}{\311limination de la r\351initialisation logique}{subsection.3.2}
\BOOKMARK [3][-]{subsubsection.3.2.2}{Suppression des it\351rateurs}{subsection.3.2}
\BOOKMARK [3][-]{subsubsection.3.2.3}{Simplification des appels}{subsection.3.2}
\BOOKMARK [2][-]{subsection.3.3}{MiniLS simplif\351 vers MiniVHDL}{section.3}
\BOOKMARK [3][-]{subsubsection.3.3.1}{Traduction des types}{subsection.3.3}
\BOOKMARK [3][-]{subsubsection.3.3.2}{Traduction des constantes et fonction auxiliaires sur les horloges}{subsection.3.3}
\BOOKMARK [3][-]{subsubsection.3.3.3}{Traduction des expressions et \351quations}{subsection.3.3}
\BOOKMARK [3][-]{subsubsection.3.3.4}{Gestion des tableaux}{subsection.3.3}
\BOOKMARK [3][-]{subsubsection.3.3.5}{Compilation modulaire et appels de noeuds}{subsection.3.3}
\BOOKMARK [3][-]{subsubsection.3.3.6}{Traduction des noeuds}{subsection.3.3}
\BOOKMARK [1][-]{section.4}{Discussion}{}
\BOOKMARK [1][-]{section.5}{Conclusion}{}
\BOOKMARK [1][-]{appendix.A}{Exemples de code g\351n\351r\351}{}
\BOOKMARK [2][-]{subsection.A.1}{Compteur}{appendix.A}
\BOOKMARK [2][-]{subsection.A.2}{Allocateur de ressource}{appendix.A}
\BOOKMARK [1][-]{appendix.B}{Utilisation du compilateur}{}
\BOOKMARK [1][-]{appendix.C}{Grammaire de Heptagon}{}
